<?xml version="1.0" encoding="UTF-8"?>
<!-- Generated by org.testng.reporters.JUnitReportReporter -->
<testsuite hostname="AMAXW2LW4L760" failures="0" tests="5" name="Test.DemoBlazeTest2" time="39.826" errors="0" timestamp="2024-01-08T08:21:56 IST" skipped="0">
  <testcase classname="Test.DemoBlazeTest2" name="testSignUp" time="10.286"/>
  <system-out/>
  <testcase classname="Test.DemoBlazeTest2" name="testLogin" time="9.124"/>
  <system-out/>
  <testcase classname="Test.DemoBlazeTest2" name="testHomePage" time="0.450"/>
  <system-out/>
  <testcase classname="Test.DemoBlazeTest2" name="testAddProductToCart" time="15.956"/>
  <system-out/>
  <testcase classname="Test.DemoBlazeTest2" name="testCheckout" time="4.010"/>
  <system-out/>
</testsuite> <!-- Test.DemoBlazeTest2 -->
