<?xml version="1.0" encoding="UTF-8"?>
<!-- Generated by org.testng.reporters.JUnitReportReporter -->
<testsuite hostname="AMAXW2LW4L760" failures="0" tests="3" name="Demo.New.TestngTest" time="0.007" errors="0" timestamp="2024-01-07T23:03:59 IST" skipped="0">
  <testcase classname="Demo.New.TestngTest" name="testMethod2" time="0.001"/>
  <system-out/>
  <testcase classname="Demo.New.TestngTest" name="testMethod" time="0.005"/>
  <system-out/>
  <testcase classname="Demo.New.TestngTest" name="testMethod3" time="0.001"/>
  <system-out/>
</testsuite> <!-- Demo.New.TestngTest -->
